<?xml version="1.0" encoding="UTF-8"?>
<!-- Generated by org.testng.reporters.JUnitReportReporter -->
<testsuite hostname="DESKTOP-B1ISU9F" failures="0" tests="1" name="tests.Second_Test" time="22.584" errors="0" timestamp="30 Mar 2022 02:25:15 GMT">
  <testcase classname="tests.Second_Test" name="verifyScrollToAlstofPage" time="22.584"/>
</testsuite> <!-- tests.Second_Test -->
