<?xml version="1.0" encoding="UTF-8"?>
<!-- Generated by org.testng.reporters.JUnitReportReporter -->
<testsuite hostname="DESKTOP-B1ISU9F" failures="0" tests="1" name="tests.First_Test" time="19.938" errors="0" timestamp="30 Mar 2022 02:25:15 GMT">
  <testcase classname="tests.First_Test" name="verifyScrollToParticaularElement" time="19.938"/>
</testsuite> <!-- tests.First_Test -->
